<?xml version="1.0" encoding="UTF-8"?>
<!-- Generated by org.testng.reporters.JUnitReportReporter -->
<testsuite hostname="Akanksha-Bhagwananis-MacBook-Pro.local" name="Test.SignUpRebtelTest" tests="10" failures="0" timestamp="30 Sep 2015 09:11:56 GMT" time="16.164" errors="0">
  <testcase name="testDynamicCountryCode" time="1.528" classname="Test.SignUpRebtelTest"/>
  <testcase name="testDynamicCountryCode" time="1.542" classname="Test.SignUpRebtelTest"/>
  <testcase name="testDynamicCountryCode" time="1.667" classname="Test.SignUpRebtelTest"/>
  <testcase name="testDynamicCountryCode" time="2.209" classname="Test.SignUpRebtelTest"/>
  <testcase name="testSignInLink" time="0.821" classname="Test.SignUpRebtelTest"/>
  <testcase name="testFieldNamesOnSignUpPage" time="0.304" classname="Test.SignUpRebtelTest"/>
  <testcase name="testNavigationToSignUpPage" time="3.245" classname="Test.SignUpRebtelTest"/>
  <testcase name="testDynamicCountryCode" time="1.744" classname="Test.SignUpRebtelTest"/>
  <testcase name="testCompleteSignUp" time="1.565" classname="Test.SignUpRebtelTest"/>
  <testcase name="testDynamicCountryCode" time="1.539" classname="Test.SignUpRebtelTest"/>
</testsuite> <!-- Test.SignUpRebtelTest -->
