<?xml version="1.0" encoding="UTF-8"?>
<!-- Generated by org.testng.reporters.JUnitReportReporter -->
<testsuite hostname="Akanksha-Bhagwananis-MacBook-Pro.local" name="Test.SignUpRebtelTest" tests="10" failures="0" timestamp="27 Sep 2015 09:35:08 GMT" time="15.403" errors="0">
  <testcase name="testNavigationToSignUpPage" time="3.066" classname="Test.SignUpRebtelTest"/>
  <testcase name="testCompleteSignUp" time="1.312" classname="Test.SignUpRebtelTest"/>
  <testcase name="testDynamicCountryCode" time="1.684" classname="Test.SignUpRebtelTest"/>
  <testcase name="testDynamicCountryCode" time="1.739" classname="Test.SignUpRebtelTest"/>
  <testcase name="testFieldNamesOnSignUpPage" time="0.625" classname="Test.SignUpRebtelTest"/>
  <testcase name="testDynamicCountryCode" time="1.581" classname="Test.SignUpRebtelTest"/>
  <testcase name="testDynamicCountryCode" time="1.525" classname="Test.SignUpRebtelTest"/>
  <testcase name="testSignInLink" time="0.591" classname="Test.SignUpRebtelTest"/>
  <testcase name="testDynamicCountryCode" time="1.599" classname="Test.SignUpRebtelTest"/>
  <testcase name="testDynamicCountryCode" time="1.681" classname="Test.SignUpRebtelTest"/>
</testsuite> <!-- Test.SignUpRebtelTest -->
